[+] Containers:
 |- [+] Container: /Game/TopDown/Maps/TopDownMap
 |   |- [+] ActorDescs:
 |   |   |- Guid:07810DB5476552C6ECC207B8FBE94500 BaseClass: NativeClass:/Script/Engine.StaticMeshActor Name:StaticMeshActor_UAID_A4AE111137DC5CFB00_1546167071 Label:SM_SkySphere SpatiallyLoaded:0 Bounds:IsValid=true, Min=(X=-1638400.000 Y=-1705984.000 Z=-1638400.000), Max=(X=1638400.000 Y=1705984.000 Z=1638400.000) RuntimeGrid:None EditorOnly:0 RuntimeOnly:0 HLODRelevant:1 FolderPath:Lighting FolderGuid:E13570EE436BA15E35C622BAA5B21164
 |   |   |- Guid:0EE0E5D1466B2603910C569929142127 BaseClass: NativeClass:/Script/Engine.StaticMeshActor Name:StaticMeshActor_39 Label:SM_Cube5 SpatiallyLoaded:1 Bounds:IsValid=true, Min=(X=-0.000 Y=100.000 Z=0.000), Max=(X=100.000 Y=5700.000 Z=400.000) RuntimeGrid:None EditorOnly:0 RuntimeOnly:0 HLODRelevant:1 FolderPath:Playground FolderGuid:8746DDAD42A18A3736DBE9BBB77675E5
 |   |   |- Guid:124EE53143C875A1C4F174B08C31D407 BaseClass: NativeClass:/Script/Engine.SkyAtmosphere Name:SkyAtmosphere_1 Label:SkyAtmosphere SpatiallyLoaded:0 Bounds:IsValid=true, Min=(X=0.000 Y=0.000 Z=1020.000), Max=(X=0.000 Y=0.000 Z=1020.000) RuntimeGrid:None EditorOnly:0 RuntimeOnly:0 HLODRelevant:0 FolderPath:Lighting FolderGuid:E13570EE436BA15E35C622BAA5B21164
 |   |   |- Guid:128AFB4143646D4352518685931F01DD BaseClass: NativeClass:/Script/Engine.StaticMeshActor Name:StaticMeshActor_56 Label:SM_ChamferCube5 SpatiallyLoaded:1 Bounds:IsValid=true, Min=(X=2419.765 Y=1390.593 Z=0.063), Max=(X=2547.936 Y=1518.765 Z=100.063) RuntimeGrid:None EditorOnly:0 RuntimeOnly:0 HLODRelevant:0
 |   |   |- Guid:193D80DE4902758DDE6B37A7985DF9B6 BaseClass:/Game/Blueprints/BP_FieldForce.BP_FieldForce_C NativeClass:/Script/Fisica.FieldForce Name:BP_FieldForce_C_UAID_7486E20E966BE5DA01_2022059671 Label:BP_FieldForce SpatiallyLoaded:1 Bounds:IsValid=true, Min=(X=780.000 Y=1550.000 Z=25.000), Max=(X=1620.000 Y=2030.000 Z=625.000) RuntimeGrid:None EditorOnly:0 RuntimeOnly:0 HLODRelevant:0
 |   |   |- Guid:1A013F6D454DDAB5AD8E77B766ED9FAD BaseClass: NativeClass:/Script/Engine.ExponentialHeightFog Name:ExponentialHeightFog_1 Label:ExponentialHeightFog SpatiallyLoaded:0 Bounds:IsValid=true, Min=(X=-5600.000 Y=-50.000 Z=-6850.000), Max=(X=-5600.000 Y=-50.000 Z=-6850.000) RuntimeGrid:None EditorOnly:0 RuntimeOnly:0 HLODRelevant:0 FolderPath:Lighting FolderGuid:E13570EE436BA15E35C622BAA5B21164
 |   |   |- Guid:1DC7D0A34FCDC2545B9E00BC971F21EC BaseClass:/Game/Blueprints/BP_FieldForce.BP_FieldForce_C NativeClass:/Script/Fisica.FieldForce Name:BP_FieldForce_C_UAID_7486E20E966BE7DA01_1330661023 Label:BP_FieldForce3 SpatiallyLoaded:1 Bounds:IsValid=true, Min=(X=790.000 Y=830.000 Z=25.000), Max=(X=1630.000 Y=1310.000 Z=625.000) RuntimeGrid:None EditorOnly:0 RuntimeOnly:0 HLODRelevant:0
 |   |   |- Guid:1E6F5F0C41368E372A6AA6B15D01216C BaseClass:/Game/Blueprints/BP_ImpulseField.BP_ImpulseField_C NativeClass:/Script/Fisica.ImpulseField Name:BP_ImpulseField_C_UAID_7486E20E966BE8DA01_1342356201 Label:BP_ImpulseField2 SpatiallyLoaded:1 Bounds:IsValid=true, Min=(X=982.000 Y=182.000 Z=122.000), Max=(X=1398.000 Y=598.000 Z=538.000) RuntimeGrid:None EditorOnly:0 RuntimeOnly:0 HLODRelevant:0
 |   |   |- Guid:20BCA97640857441FE4D28B054684C07 BaseClass: NativeClass:/Script/Engine.StaticMeshActor Name:StaticMeshActor_40 Label:SM_Cube6 SpatiallyLoaded:1 Bounds:IsValid=true, Min=(X=2900.000 Y=100.000 Z=0.000), Max=(X=3000.000 Y=5700.000 Z=400.000) RuntimeGrid:None EditorOnly:0 RuntimeOnly:0 HLODRelevant:1 FolderPath:Playground FolderGuid:8746DDAD42A18A3736DBE9BBB77675E5
 |   |   |- Guid:2AA87EF54426972AE9AE78A104B9B589 BaseClass:/Game/Blueprints/BP_SpawnerRotation.BP_SpawnerRotation_C NativeClass:/Script/Fisica.SpawnerActor Name:BP_SpawnerRotation_C_UAID_7486E20E966B31DB01_1659570047 Label:BP_SpawnerRotation SpatiallyLoaded:1 Bounds:IsValid=true, Min=(X=510.000 Y=1430.000 Z=90.000), Max=(X=610.000 Y=1530.000 Z=190.000) RuntimeGrid:None EditorOnly:0 RuntimeOnly:0 HLODRelevant:0
 |   |   |- Guid:2BBB1E8B43F12DE780D036A46B1B8F30 BaseClass:/Game/Blueprints/BP_SpawnerActor.BP_SpawnerActor_C NativeClass:/Script/Fisica.SpawnerActor Name:BP_SpawnerActor_C_UAID_7486E20E966BE0DA01_1951444791 Label:BP_SpawnerActor SpatiallyLoaded:1 Bounds:IsValid=true, Min=(X=1530.000 Y=1390.000 Z=160.000), Max=(X=1630.000 Y=1490.000 Z=260.000) RuntimeGrid:None EditorOnly:0 RuntimeOnly:0 HLODRelevant:0
 |   |   |- Guid:2D35D16542032F78BA8C8AB1CC4FA726 BaseClass: NativeClass:/Script/Engine.PlayerStart Name:PlayerStart_1 Label:PlayerStart SpatiallyLoaded:0 Bounds:IsValid=true, Min=(X=960.000 Y=1770.000 Z=0.013), Max=(X=1040.000 Y=1850.000 Z=184.013) RuntimeGrid:None EditorOnly:0 RuntimeOnly:0 HLODRelevant:0
 |   |   |- Guid:30527CC149F7950197BFFDB79ABBC6A9 BaseClass: NativeClass:/Script/Engine.TextRenderActor Name:TextRenderActor_1 Label:TextRenderActor SpatiallyLoaded:1 Bounds:IsValid=true, Min=(X=-0.100 Y=1100.000 Z=65.013), Max=(X=-0.100 Y=2225.000 Z=215.013) RuntimeGrid:None EditorOnly:0 RuntimeOnly:0 HLODRelevant:0
 |   |   |- Guid:38C58C0D45990B542E8E2AB03B84B5BC BaseClass:/Game/Blueprints/BP_FieldForce.BP_FieldForce_C NativeClass:/Script/Fisica.FieldForce Name:BP_FieldForce_C_UAID_7486E20E966BE7DA01_1485923029 Label:BP_FieldForce6 SpatiallyLoaded:1 Bounds:IsValid=true, Min=(X=1120.000 Y=2680.000 Z=25.000), Max=(X=1960.000 Y=3160.000 Z=625.000) RuntimeGrid:None EditorOnly:0 RuntimeOnly:0 HLODRelevant:0
 |   |   |- Guid:3AA00CC7473B3AB860032482C86F1357 BaseClass: NativeClass:/Script/Engine.SkyLight Name:SkyLight_1 Label:SkyLight SpatiallyLoaded:0 Bounds:IsValid=true, Min=(X=0.000 Y=0.000 Z=690.000), Max=(X=0.000 Y=0.000 Z=690.000) RuntimeGrid:None EditorOnly:0 RuntimeOnly:0 HLODRelevant:0 FolderPath:Lighting FolderGuid:E13570EE436BA15E35C622BAA5B21164
 |   |   |- Guid:44B5B14A4724B1A960164EB2B8595C48 BaseClass: NativeClass:/Script/AIModule.NavLinkProxy Name:NavLinkProxy_1 Label:NavLinkProxy3 SpatiallyLoaded:1 Bounds:IsValid=true, Min=(X=2240.000 Y=1030.000 Z=90.000), Max=(X=2240.000 Y=1030.000 Z=90.000) RuntimeGrid:None EditorOnly:0 RuntimeOnly:0 HLODRelevant:0 FolderPath:Navigation FolderGuid:5FBB7B1041A3902AEFBB4E87AA1D500F
 |   |   |- Guid:505B4ED943FA99164AF46CAED7EC7B12 BaseClass: NativeClass:/Script/Engine.StaticMeshActor Name:StaticMeshActor_34 Label:SM_Cube SpatiallyLoaded:1 Bounds:IsValid=true, Min=(X=0.000 Y=0.000 Z=-50.000), Max=(X=3000.000 Y=5775.000 Z=0.000) RuntimeGrid:None EditorOnly:0 RuntimeOnly:0 HLODRelevant:1 FolderPath:Playground FolderGuid:8746DDAD42A18A3736DBE9BBB77675E5
 |   |   |- Guid:58C0E3D34874E96B49077BBE930A03B9 BaseClass:/Game/Blueprints/BP_FieldForce.BP_FieldForce_C NativeClass:/Script/Fisica.FieldForce Name:BP_FieldForce_C_UAID_7486E20E966BE7DA01_1490524030 Label:BP_FieldForce7 SpatiallyLoaded:1 Bounds:IsValid=true, Min=(X=1120.000 Y=2680.000 Z=25.000), Max=(X=1960.000 Y=3160.000 Z=625.000) RuntimeGrid:None EditorOnly:0 RuntimeOnly:0 HLODRelevant:0
 |   |   |- Guid:608BCC104AF9D22A72ED83A88E76B99E BaseClass:/Game/Blueprints/BP_Solid.BP_Solid_C NativeClass:/Script/Fisica.Solid Name:BP_Solid_C_UAID_7486E20E966B7FDB01_1541092775 Label:BP_Solid SpatiallyLoaded:1 Bounds:IsValid=true, Min=(X=160.000 Y=3890.000 Z=470.000), Max=(X=260.000 Y=3990.000 Z=570.000) RuntimeGrid:None EditorOnly:0 RuntimeOnly:0 HLODRelevant:0
 |   |   |- Guid:6CFE69CB41732F0CDEB04A85666FA67E BaseClass: NativeClass:/Script/Engine.WorldDataLayers Name:WorldDataLayers Label:WorldDataLayers-1 SpatiallyLoaded:0 Bounds:IsValid=true, Min=(X=0.000 Y=0.000 Z=0.000), Max=(X=0.000 Y=0.000 Z=0.000) RuntimeGrid:None EditorOnly:0 RuntimeOnly:0 HLODRelevant:0
 |   |   |- Guid:6E475E324ABFAE1E2E6ABAB62A0E188E BaseClass:/Game/Blueprints/BP_FieldForce.BP_FieldForce_C NativeClass:/Script/Fisica.FieldForce Name:BP_FieldForce_C_UAID_7486E20E966BE6DA01_1942645847 Label:BP_FieldForce2 SpatiallyLoaded:1 Bounds:IsValid=true, Min=(X=1600.000 Y=1520.000 Z=27.500), Max=(X=2440.000 Y=2000.000 Z=687.500) RuntimeGrid:None EditorOnly:0 RuntimeOnly:0 HLODRelevant:0
 |   |   |- Guid:6EDE2FFA45F0E0565347878A119C8084 BaseClass:/Game/Blueprints/BP_FieldForce.BP_FieldForce_C NativeClass:/Script/Fisica.FieldForce Name:BP_FieldForce_C_UAID_7486E20E966BE8DA01_1390546202 Label:BP_FieldForce8 SpatiallyLoaded:1 Bounds:IsValid=true, Min=(X=950.000 Y=270.000 Z=77.500), Max=(X=2870.000 Y=3330.000 Z=1937.500) RuntimeGrid:None EditorOnly:0 RuntimeOnly:0 HLODRelevant:0
 |   |   |- Guid:71174BEB43BB8B777B2532BE1D410B38 BaseClass:/Game/Blueprints/BP_SpawnerActor.BP_SpawnerActor_C NativeClass:/Script/Fisica.SpawnerActor Name:BP_SpawnerActor_C_UAID_00D8617487B6EFDA01_2036793431 Label:BP_SpawnerActor5 SpatiallyLoaded:1 Bounds:IsValid=true, Min=(X=520.000 Y=2940.000 Z=180.000), Max=(X=620.000 Y=3040.000 Z=280.000) RuntimeGrid:None EditorOnly:0 RuntimeOnly:0 HLODRelevant:0
 |   |   |- Guid:963169944433A544D75FF79A1B9FC159 BaseClass: NativeClass:/Script/NavigationSystem.NavMeshBoundsVolume Name:NavMeshBoundsVolume_1 Label:NavMeshBoundsVolume SpatiallyLoaded:0 Bounds:IsValid=true, Min=(X=-100.000 Y=-100.000 Z=-110.000), Max=(X=3100.000 Y=3600.000 Z=390.000) RuntimeGrid:None EditorOnly:0 RuntimeOnly:0 HLODRelevant:0 FolderPath:Navigation FolderGuid:5FBB7B1041A3902AEFBB4E87AA1D500F
 |   |   |- Guid:98C097D74B3C35AD62E7A9BD905BBD3B BaseClass:/Game/Blueprints/BP_FieldForce.BP_FieldForce_C NativeClass:/Script/Fisica.FieldForce Name:BP_FieldForce_C_UAID_7486E20E966BE7DA01_1465289027 Label:BP_FieldForce5 SpatiallyLoaded:1 Bounds:IsValid=true, Min=(X=1120.000 Y=2080.000 Z=25.000), Max=(X=1960.000 Y=2560.000 Z=625.000) RuntimeGrid:None EditorOnly:0 RuntimeOnly:0 HLODRelevant:0
 |   |   |- Guid:9E5855264C9E22D90C9AA29F62588CB6 BaseClass:/Game/Blueprints/BP_SpawnerActor.BP_SpawnerActor_C NativeClass:/Script/Fisica.SpawnerActor Name:BP_SpawnerActor_C_UAID_7486E20E966BE7DA01_1485921028 Label:BP_SpawnerActor3 SpatiallyLoaded:1 Bounds:IsValid=true, Min=(X=1530.000 Y=2870.000 Z=160.000), Max=(X=1630.000 Y=2970.000 Z=260.000) RuntimeGrid:None EditorOnly:0 RuntimeOnly:0 HLODRelevant:0
 |   |   |- Guid:A45756D6495C3CBE8AA73EAD039CE983 BaseClass: NativeClass:/Script/Engine.StaticMeshActor Name:StaticMeshActor_35 Label:SM_Cube2 SpatiallyLoaded:1 Bounds:IsValid=true, Min=(X=0.000 Y=0.000 Z=0.000), Max=(X=3000.000 Y=100.000 Z=400.000) RuntimeGrid:None EditorOnly:0 RuntimeOnly:0 HLODRelevant:1 FolderPath:Playground FolderGuid:8746DDAD42A18A3736DBE9BBB77675E5
 |   |   |- Guid:A671C2CD48E24EBF5F25E58AEB6939E3 BaseClass:/Game/Blueprints/BP_CircularForce.BP_CircularForce_C NativeClass:/Script/Fisica.CircularForce Name:BP_CircularForce_C_UAID_00D8617487B6EFDA01_2041689432 Label:BP_CircularForce SpatiallyLoaded:1 Bounds:IsValid=true, Min=(X=210.000 Y=2630.000 Z=-150.000), Max=(X=930.000 Y=3350.000 Z=570.000) RuntimeGrid:None EditorOnly:0 RuntimeOnly:0 HLODRelevant:0
 |   |   |- Guid:AC8E9BF7487F31F91512CBA7BE1697A2 BaseClass:/Game/Blueprints/BP_CircularForce.BP_CircularForce_C NativeClass:/Script/Fisica.CircularForce Name:BP_CircularForce_C_UAID_00D8617487B6F0DA01_1839598609 Label:BP_CircularForce3 SpatiallyLoaded:1 Bounds:IsValid=true, Min=(X=210.000 Y=2090.000 Z=-130.000), Max=(X=930.000 Y=2810.000 Z=590.000) RuntimeGrid:None EditorOnly:0 RuntimeOnly:0 HLODRelevant:0
 |   |   |- Guid:BC9F05DA4F26FE20B8ADBEAC803D9E07 BaseClass: NativeClass:/Script/Engine.PostProcessVolume Name:PostProcessVolume_1 Label:PostProcessVolume SpatiallyLoaded:0 Bounds:IsValid=true, Min=(X=0.000 Y=0.000 Z=400.000), Max=(X=200.000 Y=200.000 Z=600.000) RuntimeGrid:None EditorOnly:0 RuntimeOnly:0 HLODRelevant:0 FolderPath:Lighting FolderGuid:E13570EE436BA15E35C622BAA5B21164
 |   |   |- Guid:C1F343BF47546FC406FC86B4815E25C6 BaseClass: NativeClass:/Script/Engine.DirectionalLight Name:DirectionalLight_1 Label:DirectionalLight SpatiallyLoaded:0 Bounds:IsValid=true, Min=(X=-1048576.000 Y=-1048576.000 Z=-1048576.000), Max=(X=1048576.000 Y=1048576.000 Z=1048576.000) RuntimeGrid:None EditorOnly:0 RuntimeOnly:0 HLODRelevant:0 FolderPath:Lighting FolderGuid:E13570EE436BA15E35C622BAA5B21164
 |   |   |- Guid:D294F15A41922F82D08B34BD5F1697BB BaseClass:/Game/Blueprints/BP_AngularImpulseField.BP_AngularImpulseField_C NativeClass:/Script/Fisica.AngularImpulseField Name:BP_AngularImpulseField_C_UAID_7486E20E966B37DB01_1941210103 Label:BP_AngularImpulseField SpatiallyLoaded:1 Bounds:IsValid=true, Min=(X=418.000 Y=748.000 Z=78.000), Max=(X=802.000 Y=1132.000 Z=462.000) RuntimeGrid:None EditorOnly:0 RuntimeOnly:0 HLODRelevant:0
 |   |   |- Guid:D6A9345340E670CF8A7D8BA592B9C31B BaseClass:/Game/Blueprints/BP_AngularField.BP_AngularField_C NativeClass:/Script/Fisica.AngularForce Name:BP_AngularField_C_UAID_7486E20E966B36DB01_1545951927 Label:BP_AngularField SpatiallyLoaded:1 Bounds:IsValid=true, Min=(X=364.000 Y=1294.000 Z=156.500), Max=(X=796.000 Y=1726.000 Z=588.500) RuntimeGrid:None EditorOnly:0 RuntimeOnly:0 HLODRelevant:0
 |   |   |- Guid:D912A801494F88D5D2703DA31262E164 BaseClass:/Game/Blueprints/BP_SpawnerActor.BP_SpawnerActor_C NativeClass:/Script/Fisica.SpawnerActor Name:BP_SpawnerActor_C_UAID_7486E20E966BE8DA01_1272852199 Label:BP_SpawnerActor4 SpatiallyLoaded:1 Bounds:IsValid=true, Min=(X=1530.000 Y=350.000 Z=160.000), Max=(X=1630.000 Y=450.000 Z=260.000) RuntimeGrid:None EditorOnly:0 RuntimeOnly:0 HLODRelevant:0
 |   |   |- Guid:DECE630347C69028EEFB0484D2A169FD BaseClass:/Game/Blueprints/BP_ImpulseField.BP_ImpulseField_C NativeClass:/Script/Fisica.ImpulseField Name:BP_ImpulseField_C_UAID_7486E20E966BE8DA01_1313513200 Label:BP_ImpulseField SpatiallyLoaded:1 Bounds:IsValid=true, Min=(X=1732.000 Y=182.000 Z=122.000), Max=(X=2148.000 Y=598.000 Z=538.000) RuntimeGrid:None EditorOnly:0 RuntimeOnly:0 HLODRelevant:0
 |   |   |- Guid:E3E5B4B8469E230D1EDBE0A6698F7A56 BaseClass:/Game/Blueprints/BP_SolidController.BP_SolidController_C NativeClass:/Script/Fisica.SolidController Name:BP_SolidController_C_UAID_7486E20E966B81DB01_1854687127 Label:BP_SolidController SpatiallyLoaded:1 Bounds:IsValid=true, Min=(X=510.000 Y=7190.000 Z=240.000), Max=(X=530.000 Y=7210.000 Z=260.000) RuntimeGrid:None EditorOnly:0 RuntimeOnly:0 HLODRelevant:0
 |   |   |- Guid:E92B029A43F3DD683C1B2481BF7B68DE BaseClass: NativeClass:/Script/Engine.VolumetricCloud Name:VolumetricCloud_1 Label:VolumetricCloud SpatiallyLoaded:0 Bounds:IsValid=true, Min=(X=0.000 Y=0.000 Z=820.000), Max=(X=0.000 Y=0.000 Z=820.000) RuntimeGrid:None EditorOnly:0 RuntimeOnly:0 HLODRelevant:0 FolderPath:Lighting FolderGuid:E13570EE436BA15E35C622BAA5B21164
 |   |   |- Guid:EC6B9B684DA6D56FA6E430962FF20498 BaseClass:/Game/Blueprints/BP_SpawnerActor.BP_SpawnerActor_C NativeClass:/Script/Fisica.SpawnerActor Name:BP_SpawnerActor_C_UAID_00D8617487B6F0DA01_1839596608 Label:BP_SpawnerActor6 SpatiallyLoaded:1 Bounds:IsValid=true, Min=(X=520.000 Y=2400.000 Z=180.000), Max=(X=620.000 Y=2500.000 Z=280.000) RuntimeGrid:None EditorOnly:0 RuntimeOnly:0 HLODRelevant:0
 |   |   |- Guid:F5A1AE964EEBDC675BC1DAB76D0074F2 BaseClass:/Game/Blueprints/BP_SpawnerActor.BP_SpawnerActor_C NativeClass:/Script/Fisica.SpawnerActor Name:BP_SpawnerActor_C_UAID_7486E20E966BE7DA01_1461753026 Label:BP_SpawnerActor2 SpatiallyLoaded:1 Bounds:IsValid=true, Min=(X=1530.000 Y=2270.000 Z=160.000), Max=(X=1630.000 Y=2370.000 Z=260.000) RuntimeGrid:None EditorOnly:0 RuntimeOnly:0 HLODRelevant:0
 |   |   |- Guid:FC38B4824F8CD4A42013CDB6FE66E73D BaseClass:/Game/Blueprints/BP_FieldForce.BP_FieldForce_C NativeClass:/Script/Fisica.FieldForce Name:BP_FieldForce_C_UAID_7486E20E966BE7DA01_1352319024 Label:BP_FieldForce4 SpatiallyLoaded:1 Bounds:IsValid=true, Min=(X=1600.000 Y=820.000 Z=27.500), Max=(X=2440.000 Y=1300.000 Z=687.500) RuntimeGrid:None EditorOnly:0 RuntimeOnly:0 HLODRelevant:0
 |   |   |- Guid:FE4F9F4044D3F2F9C3F6629B135091C3 BaseClass: NativeClass:/Script/Engine.StaticMeshActor Name:StaticMeshActor_36 Label:SM_Cube3 SpatiallyLoaded:1 Bounds:IsValid=true, Min=(X=0.000 Y=5700.000 Z=0.000), Max=(X=3000.000 Y=5800.000 Z=400.000) RuntimeGrid:None EditorOnly:0 RuntimeOnly:0 HLODRelevant:1 FolderPath:Playground FolderGuid:8746DDAD42A18A3736DBE9BBB77675E5
 |   |- [+] Clusters:
 |   |   |- [+] [  0]
 |   |   |   |- Guid:963169944433A544D75FF79A1B9FC159 BaseClass: NativeClass:/Script/NavigationSystem.NavMeshBoundsVolume Name:NavMeshBoundsVolume_1 Label:NavMeshBoundsVolume SpatiallyLoaded:0 Bounds:IsValid=true, Min=(X=-100.000 Y=-100.000 Z=-110.000), Max=(X=3100.000 Y=3600.000 Z=390.000) RuntimeGrid:None EditorOnly:0 RuntimeOnly:0 HLODRelevant:0 FolderPath:Navigation FolderGuid:5FBB7B1041A3902AEFBB4E87AA1D500F
 |   |   |- [+] [  1]
 |   |   |   |- Guid:98C097D74B3C35AD62E7A9BD905BBD3B BaseClass:/Game/Blueprints/BP_FieldForce.BP_FieldForce_C NativeClass:/Script/Fisica.FieldForce Name:BP_FieldForce_C_UAID_7486E20E966BE7DA01_1465289027 Label:BP_FieldForce5 SpatiallyLoaded:1 Bounds:IsValid=true, Min=(X=1120.000 Y=2080.000 Z=25.000), Max=(X=1960.000 Y=2560.000 Z=625.000) RuntimeGrid:None EditorOnly:0 RuntimeOnly:0 HLODRelevant:0
 |   |   |- [+] [  2]
 |   |   |   |- Guid:1DC7D0A34FCDC2545B9E00BC971F21EC BaseClass:/Game/Blueprints/BP_FieldForce.BP_FieldForce_C NativeClass:/Script/Fisica.FieldForce Name:BP_FieldForce_C_UAID_7486E20E966BE7DA01_1330661023 Label:BP_FieldForce3 SpatiallyLoaded:1 Bounds:IsValid=true, Min=(X=790.000 Y=830.000 Z=25.000), Max=(X=1630.000 Y=1310.000 Z=625.000) RuntimeGrid:None EditorOnly:0 RuntimeOnly:0 HLODRelevant:0
 |   |   |- [+] [  3]
 |   |   |   |- Guid:E3E5B4B8469E230D1EDBE0A6698F7A56 BaseClass:/Game/Blueprints/BP_SolidController.BP_SolidController_C NativeClass:/Script/Fisica.SolidController Name:BP_SolidController_C_UAID_7486E20E966B81DB01_1854687127 Label:BP_SolidController SpatiallyLoaded:1 Bounds:IsValid=true, Min=(X=510.000 Y=7190.000 Z=240.000), Max=(X=530.000 Y=7210.000 Z=260.000) RuntimeGrid:None EditorOnly:0 RuntimeOnly:0 HLODRelevant:0
 |   |   |- [+] [  4]
 |   |   |   |- Guid:608BCC104AF9D22A72ED83A88E76B99E BaseClass:/Game/Blueprints/BP_Solid.BP_Solid_C NativeClass:/Script/Fisica.Solid Name:BP_Solid_C_UAID_7486E20E966B7FDB01_1541092775 Label:BP_Solid SpatiallyLoaded:1 Bounds:IsValid=true, Min=(X=160.000 Y=3890.000 Z=470.000), Max=(X=260.000 Y=3990.000 Z=570.000) RuntimeGrid:None EditorOnly:0 RuntimeOnly:0 HLODRelevant:0
 |   |   |- [+] [  5]
 |   |   |   |- Guid:71174BEB43BB8B777B2532BE1D410B38 BaseClass:/Game/Blueprints/BP_SpawnerActor.BP_SpawnerActor_C NativeClass:/Script/Fisica.SpawnerActor Name:BP_SpawnerActor_C_UAID_00D8617487B6EFDA01_2036793431 Label:BP_SpawnerActor5 SpatiallyLoaded:1 Bounds:IsValid=true, Min=(X=520.000 Y=2940.000 Z=180.000), Max=(X=620.000 Y=3040.000 Z=280.000) RuntimeGrid:None EditorOnly:0 RuntimeOnly:0 HLODRelevant:0
 |   |   |- [+] [  6]
 |   |   |   |- Guid:D912A801494F88D5D2703DA31262E164 BaseClass:/Game/Blueprints/BP_SpawnerActor.BP_SpawnerActor_C NativeClass:/Script/Fisica.SpawnerActor Name:BP_SpawnerActor_C_UAID_7486E20E966BE8DA01_1272852199 Label:BP_SpawnerActor4 SpatiallyLoaded:1 Bounds:IsValid=true, Min=(X=1530.000 Y=350.000 Z=160.000), Max=(X=1630.000 Y=450.000 Z=260.000) RuntimeGrid:None EditorOnly:0 RuntimeOnly:0 HLODRelevant:0
 |   |   |- [+] [  7]
 |   |   |   |- Guid:2AA87EF54426972AE9AE78A104B9B589 BaseClass:/Game/Blueprints/BP_SpawnerRotation.BP_SpawnerRotation_C NativeClass:/Script/Fisica.SpawnerActor Name:BP_SpawnerRotation_C_UAID_7486E20E966B31DB01_1659570047 Label:BP_SpawnerRotation SpatiallyLoaded:1 Bounds:IsValid=true, Min=(X=510.000 Y=1430.000 Z=90.000), Max=(X=610.000 Y=1530.000 Z=190.000) RuntimeGrid:None EditorOnly:0 RuntimeOnly:0 HLODRelevant:0
 |   |   |- [+] [  8]
 |   |   |   |- Guid:6E475E324ABFAE1E2E6ABAB62A0E188E BaseClass:/Game/Blueprints/BP_FieldForce.BP_FieldForce_C NativeClass:/Script/Fisica.FieldForce Name:BP_FieldForce_C_UAID_7486E20E966BE6DA01_1942645847 Label:BP_FieldForce2 SpatiallyLoaded:1 Bounds:IsValid=true, Min=(X=1600.000 Y=1520.000 Z=27.500), Max=(X=2440.000 Y=2000.000 Z=687.500) RuntimeGrid:None EditorOnly:0 RuntimeOnly:0 HLODRelevant:0
 |   |   |- [+] [  9]
 |   |   |   |- Guid:30527CC149F7950197BFFDB79ABBC6A9 BaseClass: NativeClass:/Script/Engine.TextRenderActor Name:TextRenderActor_1 Label:TextRenderActor SpatiallyLoaded:1 Bounds:IsValid=true, Min=(X=-0.100 Y=1100.000 Z=65.013), Max=(X=-0.100 Y=2225.000 Z=215.013) RuntimeGrid:None EditorOnly:0 RuntimeOnly:0 HLODRelevant:0
 |   |   |- [+] [ 10]
 |   |   |   |- Guid:07810DB5476552C6ECC207B8FBE94500 BaseClass: NativeClass:/Script/Engine.StaticMeshActor Name:StaticMeshActor_UAID_A4AE111137DC5CFB00_1546167071 Label:SM_SkySphere SpatiallyLoaded:0 Bounds:IsValid=true, Min=(X=-1638400.000 Y=-1705984.000 Z=-1638400.000), Max=(X=1638400.000 Y=1705984.000 Z=1638400.000) RuntimeGrid:None EditorOnly:0 RuntimeOnly:0 HLODRelevant:1 FolderPath:Lighting FolderGuid:E13570EE436BA15E35C622BAA5B21164
 |   |   |- [+] [ 11]
 |   |   |   |- Guid:193D80DE4902758DDE6B37A7985DF9B6 BaseClass:/Game/Blueprints/BP_FieldForce.BP_FieldForce_C NativeClass:/Script/Fisica.FieldForce Name:BP_FieldForce_C_UAID_7486E20E966BE5DA01_2022059671 Label:BP_FieldForce SpatiallyLoaded:1 Bounds:IsValid=true, Min=(X=780.000 Y=1550.000 Z=25.000), Max=(X=1620.000 Y=2030.000 Z=625.000) RuntimeGrid:None EditorOnly:0 RuntimeOnly:0 HLODRelevant:0
 |   |   |- [+] [ 12]
 |   |   |   |- Guid:EC6B9B684DA6D56FA6E430962FF20498 BaseClass:/Game/Blueprints/BP_SpawnerActor.BP_SpawnerActor_C NativeClass:/Script/Fisica.SpawnerActor Name:BP_SpawnerActor_C_UAID_00D8617487B6F0DA01_1839596608 Label:BP_SpawnerActor6 SpatiallyLoaded:1 Bounds:IsValid=true, Min=(X=520.000 Y=2400.000 Z=180.000), Max=(X=620.000 Y=2500.000 Z=280.000) RuntimeGrid:None EditorOnly:0 RuntimeOnly:0 HLODRelevant:0
 |   |   |- [+] [ 13]
 |   |   |   |- Guid:0EE0E5D1466B2603910C569929142127 BaseClass: NativeClass:/Script/Engine.StaticMeshActor Name:StaticMeshActor_39 Label:SM_Cube5 SpatiallyLoaded:1 Bounds:IsValid=true, Min=(X=-0.000 Y=100.000 Z=0.000), Max=(X=100.000 Y=5700.000 Z=400.000) RuntimeGrid:None EditorOnly:0 RuntimeOnly:0 HLODRelevant:1 FolderPath:Playground FolderGuid:8746DDAD42A18A3736DBE9BBB77675E5
 |   |   |- [+] [ 14]
 |   |   |   |- Guid:128AFB4143646D4352518685931F01DD BaseClass: NativeClass:/Script/Engine.StaticMeshActor Name:StaticMeshActor_56 Label:SM_ChamferCube5 SpatiallyLoaded:1 Bounds:IsValid=true, Min=(X=2419.765 Y=1390.593 Z=0.063), Max=(X=2547.936 Y=1518.765 Z=100.063) RuntimeGrid:None EditorOnly:0 RuntimeOnly:0 HLODRelevant:0
 |   |   |- [+] [ 15]
 |   |   |   |- Guid:124EE53143C875A1C4F174B08C31D407 BaseClass: NativeClass:/Script/Engine.SkyAtmosphere Name:SkyAtmosphere_1 Label:SkyAtmosphere SpatiallyLoaded:0 Bounds:IsValid=true, Min=(X=0.000 Y=0.000 Z=1020.000), Max=(X=0.000 Y=0.000 Z=1020.000) RuntimeGrid:None EditorOnly:0 RuntimeOnly:0 HLODRelevant:0 FolderPath:Lighting FolderGuid:E13570EE436BA15E35C622BAA5B21164
 |   |   |- [+] [ 16]
 |   |   |   |- Guid:1A013F6D454DDAB5AD8E77B766ED9FAD BaseClass: NativeClass:/Script/Engine.ExponentialHeightFog Name:ExponentialHeightFog_1 Label:ExponentialHeightFog SpatiallyLoaded:0 Bounds:IsValid=true, Min=(X=-5600.000 Y=-50.000 Z=-6850.000), Max=(X=-5600.000 Y=-50.000 Z=-6850.000) RuntimeGrid:None EditorOnly:0 RuntimeOnly:0 HLODRelevant:0 FolderPath:Lighting FolderGuid:E13570EE436BA15E35C622BAA5B21164
 |   |   |- [+] [ 17]
 |   |   |   |- Guid:D6A9345340E670CF8A7D8BA592B9C31B BaseClass:/Game/Blueprints/BP_AngularField.BP_AngularField_C NativeClass:/Script/Fisica.AngularForce Name:BP_AngularField_C_UAID_7486E20E966B36DB01_1545951927 Label:BP_AngularField SpatiallyLoaded:1 Bounds:IsValid=true, Min=(X=364.000 Y=1294.000 Z=156.500), Max=(X=796.000 Y=1726.000 Z=588.500) RuntimeGrid:None EditorOnly:0 RuntimeOnly:0 HLODRelevant:0
 |   |   |- [+] [ 18]
 |   |   |   |- Guid:D294F15A41922F82D08B34BD5F1697BB BaseClass:/Game/Blueprints/BP_AngularImpulseField.BP_AngularImpulseField_C NativeClass:/Script/Fisica.AngularImpulseField Name:BP_AngularImpulseField_C_UAID_7486E20E966B37DB01_1941210103 Label:BP_AngularImpulseField SpatiallyLoaded:1 Bounds:IsValid=true, Min=(X=418.000 Y=748.000 Z=78.000), Max=(X=802.000 Y=1132.000 Z=462.000) RuntimeGrid:None EditorOnly:0 RuntimeOnly:0 HLODRelevant:0
 |   |   |- [+] [ 19]
 |   |   |   |- Guid:BC9F05DA4F26FE20B8ADBEAC803D9E07 BaseClass: NativeClass:/Script/Engine.PostProcessVolume Name:PostProcessVolume_1 Label:PostProcessVolume SpatiallyLoaded:0 Bounds:IsValid=true, Min=(X=0.000 Y=0.000 Z=400.000), Max=(X=200.000 Y=200.000 Z=600.000) RuntimeGrid:None EditorOnly:0 RuntimeOnly:0 HLODRelevant:0 FolderPath:Lighting FolderGuid:E13570EE436BA15E35C622BAA5B21164
 |   |   |- [+] [ 20]
 |   |   |   |- Guid:38C58C0D45990B542E8E2AB03B84B5BC BaseClass:/Game/Blueprints/BP_FieldForce.BP_FieldForce_C NativeClass:/Script/Fisica.FieldForce Name:BP_FieldForce_C_UAID_7486E20E966BE7DA01_1485923029 Label:BP_FieldForce6 SpatiallyLoaded:1 Bounds:IsValid=true, Min=(X=1120.000 Y=2680.000 Z=25.000), Max=(X=1960.000 Y=3160.000 Z=625.000) RuntimeGrid:None EditorOnly:0 RuntimeOnly:0 HLODRelevant:0
 |   |   |- [+] [ 21]
 |   |   |   |- Guid:505B4ED943FA99164AF46CAED7EC7B12 BaseClass: NativeClass:/Script/Engine.StaticMeshActor Name:StaticMeshActor_34 Label:SM_Cube SpatiallyLoaded:1 Bounds:IsValid=true, Min=(X=0.000 Y=0.000 Z=-50.000), Max=(X=3000.000 Y=5775.000 Z=0.000) RuntimeGrid:None EditorOnly:0 RuntimeOnly:0 HLODRelevant:1 FolderPath:Playground FolderGuid:8746DDAD42A18A3736DBE9BBB77675E5
 |   |   |- [+] [ 22]
 |   |   |   |- Guid:A671C2CD48E24EBF5F25E58AEB6939E3 BaseClass:/Game/Blueprints/BP_CircularForce.BP_CircularForce_C NativeClass:/Script/Fisica.CircularForce Name:BP_CircularForce_C_UAID_00D8617487B6EFDA01_2041689432 Label:BP_CircularForce SpatiallyLoaded:1 Bounds:IsValid=true, Min=(X=210.000 Y=2630.000 Z=-150.000), Max=(X=930.000 Y=3350.000 Z=570.000) RuntimeGrid:None EditorOnly:0 RuntimeOnly:0 HLODRelevant:0
 |   |   |- [+] [ 23]
 |   |   |   |- Guid:FE4F9F4044D3F2F9C3F6629B135091C3 BaseClass: NativeClass:/Script/Engine.StaticMeshActor Name:StaticMeshActor_36 Label:SM_Cube3 SpatiallyLoaded:1 Bounds:IsValid=true, Min=(X=0.000 Y=5700.000 Z=0.000), Max=(X=3000.000 Y=5800.000 Z=400.000) RuntimeGrid:None EditorOnly:0 RuntimeOnly:0 HLODRelevant:1 FolderPath:Playground FolderGuid:8746DDAD42A18A3736DBE9BBB77675E5
 |   |   |- [+] [ 24]
 |   |   |   |- Guid:F5A1AE964EEBDC675BC1DAB76D0074F2 BaseClass:/Game/Blueprints/BP_SpawnerActor.BP_SpawnerActor_C NativeClass:/Script/Fisica.SpawnerActor Name:BP_SpawnerActor_C_UAID_7486E20E966BE7DA01_1461753026 Label:BP_SpawnerActor2 SpatiallyLoaded:1 Bounds:IsValid=true, Min=(X=1530.000 Y=2270.000 Z=160.000), Max=(X=1630.000 Y=2370.000 Z=260.000) RuntimeGrid:None EditorOnly:0 RuntimeOnly:0 HLODRelevant:0
 |   |   |- [+] [ 25]
 |   |   |   |- Guid:2BBB1E8B43F12DE780D036A46B1B8F30 BaseClass:/Game/Blueprints/BP_SpawnerActor.BP_SpawnerActor_C NativeClass:/Script/Fisica.SpawnerActor Name:BP_SpawnerActor_C_UAID_7486E20E966BE0DA01_1951444791 Label:BP_SpawnerActor SpatiallyLoaded:1 Bounds:IsValid=true, Min=(X=1530.000 Y=1390.000 Z=160.000), Max=(X=1630.000 Y=1490.000 Z=260.000) RuntimeGrid:None EditorOnly:0 RuntimeOnly:0 HLODRelevant:0
 |   |   |- [+] [ 26]
 |   |   |   |- Guid:C1F343BF47546FC406FC86B4815E25C6 BaseClass: NativeClass:/Script/Engine.DirectionalLight Name:DirectionalLight_1 Label:DirectionalLight SpatiallyLoaded:0 Bounds:IsValid=true, Min=(X=-1048576.000 Y=-1048576.000 Z=-1048576.000), Max=(X=1048576.000 Y=1048576.000 Z=1048576.000) RuntimeGrid:None EditorOnly:0 RuntimeOnly:0 HLODRelevant:0 FolderPath:Lighting FolderGuid:E13570EE436BA15E35C622BAA5B21164
 |   |   |- [+] [ 27]
 |   |   |   |- Guid:6CFE69CB41732F0CDEB04A85666FA67E BaseClass: NativeClass:/Script/Engine.WorldDataLayers Name:WorldDataLayers Label:WorldDataLayers-1 SpatiallyLoaded:0 Bounds:IsValid=true, Min=(X=0.000 Y=0.000 Z=0.000), Max=(X=0.000 Y=0.000 Z=0.000) RuntimeGrid:None EditorOnly:0 RuntimeOnly:0 HLODRelevant:0
 |   |   |- [+] [ 28]
 |   |   |   |- Guid:A45756D6495C3CBE8AA73EAD039CE983 BaseClass: NativeClass:/Script/Engine.StaticMeshActor Name:StaticMeshActor_35 Label:SM_Cube2 SpatiallyLoaded:1 Bounds:IsValid=true, Min=(X=0.000 Y=0.000 Z=0.000), Max=(X=3000.000 Y=100.000 Z=400.000) RuntimeGrid:None EditorOnly:0 RuntimeOnly:0 HLODRelevant:1 FolderPath:Playground FolderGuid:8746DDAD42A18A3736DBE9BBB77675E5
 |   |   |- [+] [ 29]
 |   |   |   |- Guid:9E5855264C9E22D90C9AA29F62588CB6 BaseClass:/Game/Blueprints/BP_SpawnerActor.BP_SpawnerActor_C NativeClass:/Script/Fisica.SpawnerActor Name:BP_SpawnerActor_C_UAID_7486E20E966BE7DA01_1485921028 Label:BP_SpawnerActor3 SpatiallyLoaded:1 Bounds:IsValid=true, Min=(X=1530.000 Y=2870.000 Z=160.000), Max=(X=1630.000 Y=2970.000 Z=260.000) RuntimeGrid:None EditorOnly:0 RuntimeOnly:0 HLODRelevant:0
 |   |   |- [+] [ 30]
 |   |   |   |- Guid:44B5B14A4724B1A960164EB2B8595C48 BaseClass: NativeClass:/Script/AIModule.NavLinkProxy Name:NavLinkProxy_1 Label:NavLinkProxy3 SpatiallyLoaded:1 Bounds:IsValid=true, Min=(X=2240.000 Y=1030.000 Z=90.000), Max=(X=2240.000 Y=1030.000 Z=90.000) RuntimeGrid:None EditorOnly:0 RuntimeOnly:0 HLODRelevant:0 FolderPath:Navigation FolderGuid:5FBB7B1041A3902AEFBB4E87AA1D500F
 |   |   |- [+] [ 31]
 |   |   |   |- Guid:20BCA97640857441FE4D28B054684C07 BaseClass: NativeClass:/Script/Engine.StaticMeshActor Name:StaticMeshActor_40 Label:SM_Cube6 SpatiallyLoaded:1 Bounds:IsValid=true, Min=(X=2900.000 Y=100.000 Z=0.000), Max=(X=3000.000 Y=5700.000 Z=400.000) RuntimeGrid:None EditorOnly:0 RuntimeOnly:0 HLODRelevant:1 FolderPath:Playground FolderGuid:8746DDAD42A18A3736DBE9BBB77675E5
 |   |   |- [+] [ 32]
 |   |   |   |- Guid:2D35D16542032F78BA8C8AB1CC4FA726 BaseClass: NativeClass:/Script/Engine.PlayerStart Name:PlayerStart_1 Label:PlayerStart SpatiallyLoaded:0 Bounds:IsValid=true, Min=(X=960.000 Y=1770.000 Z=0.013), Max=(X=1040.000 Y=1850.000 Z=184.013) RuntimeGrid:None EditorOnly:0 RuntimeOnly:0 HLODRelevant:0
 |   |   |- [+] [ 33]
 |   |   |   |- Guid:DECE630347C69028EEFB0484D2A169FD BaseClass:/Game/Blueprints/BP_ImpulseField.BP_ImpulseField_C NativeClass:/Script/Fisica.ImpulseField Name:BP_ImpulseField_C_UAID_7486E20E966BE8DA01_1313513200 Label:BP_ImpulseField SpatiallyLoaded:1 Bounds:IsValid=true, Min=(X=1732.000 Y=182.000 Z=122.000), Max=(X=2148.000 Y=598.000 Z=538.000) RuntimeGrid:None EditorOnly:0 RuntimeOnly:0 HLODRelevant:0
 |   |   |- [+] [ 34]
 |   |   |   |- Guid:FC38B4824F8CD4A42013CDB6FE66E73D BaseClass:/Game/Blueprints/BP_FieldForce.BP_FieldForce_C NativeClass:/Script/Fisica.FieldForce Name:BP_FieldForce_C_UAID_7486E20E966BE7DA01_1352319024 Label:BP_FieldForce4 SpatiallyLoaded:1 Bounds:IsValid=true, Min=(X=1600.000 Y=820.000 Z=27.500), Max=(X=2440.000 Y=1300.000 Z=687.500) RuntimeGrid:None EditorOnly:0 RuntimeOnly:0 HLODRelevant:0
 |   |   |- [+] [ 35]
 |   |   |   |- Guid:AC8E9BF7487F31F91512CBA7BE1697A2 BaseClass:/Game/Blueprints/BP_CircularForce.BP_CircularForce_C NativeClass:/Script/Fisica.CircularForce Name:BP_CircularForce_C_UAID_00D8617487B6F0DA01_1839598609 Label:BP_CircularForce3 SpatiallyLoaded:1 Bounds:IsValid=true, Min=(X=210.000 Y=2090.000 Z=-130.000), Max=(X=930.000 Y=2810.000 Z=590.000) RuntimeGrid:None EditorOnly:0 RuntimeOnly:0 HLODRelevant:0
 |   |   |- [+] [ 36]
 |   |   |   |- Guid:1E6F5F0C41368E372A6AA6B15D01216C BaseClass:/Game/Blueprints/BP_ImpulseField.BP_ImpulseField_C NativeClass:/Script/Fisica.ImpulseField Name:BP_ImpulseField_C_UAID_7486E20E966BE8DA01_1342356201 Label:BP_ImpulseField2 SpatiallyLoaded:1 Bounds:IsValid=true, Min=(X=982.000 Y=182.000 Z=122.000), Max=(X=1398.000 Y=598.000 Z=538.000) RuntimeGrid:None EditorOnly:0 RuntimeOnly:0 HLODRelevant:0
 |   |   |- [+] [ 37]
 |   |   |   |- Guid:6EDE2FFA45F0E0565347878A119C8084 BaseClass:/Game/Blueprints/BP_FieldForce.BP_FieldForce_C NativeClass:/Script/Fisica.FieldForce Name:BP_FieldForce_C_UAID_7486E20E966BE8DA01_1390546202 Label:BP_FieldForce8 SpatiallyLoaded:1 Bounds:IsValid=true, Min=(X=950.000 Y=270.000 Z=77.500), Max=(X=2870.000 Y=3330.000 Z=1937.500) RuntimeGrid:None EditorOnly:0 RuntimeOnly:0 HLODRelevant:0
 |   |   |- [+] [ 38]
 |   |   |   |- Guid:58C0E3D34874E96B49077BBE930A03B9 BaseClass:/Game/Blueprints/BP_FieldForce.BP_FieldForce_C NativeClass:/Script/Fisica.FieldForce Name:BP_FieldForce_C_UAID_7486E20E966BE7DA01_1490524030 Label:BP_FieldForce7 SpatiallyLoaded:1 Bounds:IsValid=true, Min=(X=1120.000 Y=2680.000 Z=25.000), Max=(X=1960.000 Y=3160.000 Z=625.000) RuntimeGrid:None EditorOnly:0 RuntimeOnly:0 HLODRelevant:0
 |   |   |- [+] [ 39]
 |   |   |   |- Guid:3AA00CC7473B3AB860032482C86F1357 BaseClass: NativeClass:/Script/Engine.SkyLight Name:SkyLight_1 Label:SkyLight SpatiallyLoaded:0 Bounds:IsValid=true, Min=(X=0.000 Y=0.000 Z=690.000), Max=(X=0.000 Y=0.000 Z=690.000) RuntimeGrid:None EditorOnly:0 RuntimeOnly:0 HLODRelevant:0 FolderPath:Lighting FolderGuid:E13570EE436BA15E35C622BAA5B21164
 |   |   |- [+] [ 40]
 |   |   |   |- Guid:E92B029A43F3DD683C1B2481BF7B68DE BaseClass: NativeClass:/Script/Engine.VolumetricCloud Name:VolumetricCloud_1 Label:VolumetricCloud SpatiallyLoaded:0 Bounds:IsValid=true, Min=(X=0.000 Y=0.000 Z=820.000), Max=(X=0.000 Y=0.000 Z=820.000) RuntimeGrid:None EditorOnly:0 RuntimeOnly:0 HLODRelevant:0 FolderPath:Lighting FolderGuid:E13570EE436BA15E35C622BAA5B21164
 |- ContainerInstances:
 |- [+] MainContainer:
 |   |-        ID: 0x0000000000000000
 |   |-    Bounds: IsValid=false, Min=(X=0.000 Y=0.000 Z=0.000), Max=(X=0.000 Y=0.000 Z=0.000)
 |   |- Transform: 0.000000,0.000000,0.000000|0.000000,0.000000,-0.000000|1.000000,1.000000,1.000000
 |   |- Container: /Game/TopDown/Maps/TopDownMap
----------------------------------------------------------------------------------------------------------------
TopDownMap - Persistent Level
----------------------------------------------------------------------------------------------------------------
Always loaded Actor Count: 49 

----------------------------------------------------------------------------------------------------------------
TopDownMap - Runtime Spatial Hash - Streaming Grid - MainGrid
----------------------------------------------------------------------------------------------------------------
            Origin: X=0.000 Y=0.000 Z=0.000
         Cell Size: 12800
      World Bounds: IsValid=false, Min=(X=0.000 Y=0.000 Z=0.000), Max=(X=0.000 Y=0.000 Z=0.000)
     Loading Range: 25600.00
Block Slow Loading: No
 ClientOnlyVisible: No

[+] Grid Levels: 1
 |- Level  0: Cell Count    0 | Cell Size   12800 | Actor Count    0 (0.0%)

[+] Content of Grid Level 0

